


==========================================================================================================
   Running: spinal cord segmentation adapted from Horsfield et al 2010
   GBM4900
==========================================================================================================
.. Started: 14-Jan-2014 10:23:33






File parameters:
.. Input Directory/File name:	/home/django/benjamindeleener/data/segmentation_spinalCord/errsm_18/T1/Horsfield_long/anat_data
.. Output Directory/File name:	/home/django/benjamindeleener/data/segmentation_spinalCord/errsm_18/T1/Horsfield_long/scs_results/anat_data


Image parameters:
.. Working plane:	Axial
.. Image Type :		T1
.. File Type :		_reorient.nii
.. Initial orientation: AIL
.. Final reorientation: PSL
.. Dimensions (x,y,z):	265  173  679    1
.. Scales (x,y,z,t):	1           1           1        2.23
.. Start image:		172
.. End image:		589
.. Resampling:		1


Algorithm parameters:
.. Number of angles:			64
.. Update multiplier:			1.3
.. Nominal radius:			5
.. Maximal horizontal coefficient:	5
.. Maximal vertical coefficient:	5
.. Tolerance:				0.05



Processing...
..Iteration:    1 || Horizontal coefficient:    1 || Vertical coefficient:      1
.... Loop: 1	 ||| ratio:   1.000000	 || Center criteria:   0.024541	 || Radius criteria:   0.188466
.... Loop: 2	 ||| ratio:   1.000000	 || Center criteria:   0.018919	 || Radius criteria:   0.178867
.... Loop: 3	 ||| ratio:   1.000000	 || Center criteria:   0.015355	 || Radius criteria:   0.164702
.... Loop: 4	 ||| ratio:   1.000000	 || Center criteria:   0.013835	 || Radius criteria:   0.146946
.... Loop: 5	 ||| ratio:   1.000000	 || Center criteria:   0.011752	 || Radius criteria:   0.127680
.... Loop: 6	 ||| ratio:   0.832546	 || Center criteria:   0.011173	 || Radius criteria:   0.108619
.... Loop: 7	 ||| ratio:   0.721897	 || Center criteria:   0.012862	 || Radius criteria:   0.090887
.... Loop: 8	 ||| ratio:   0.596560	 || Center criteria:   0.013523	 || Radius criteria:   0.075121
.... Loop: 9	 ||| ratio:   0.428207	 || Center criteria:   0.013239	 || Radius criteria:   0.061562
.... Loop: 10	 ||| ratio:   0.024056	 || Center criteria:   0.012327	 || Radius criteria:   0.050214
..Measurements for this iteration:
... Volume of VOI (mm3):          23042.966
... Length of VOI (mm) :          422.7893
... Average area  (mm2):          54.5022



..Iteration:    2 || Horizontal coefficient:    2 || Vertical coefficient:      2
.... Loop: 1	 ||| ratio:   0.656287	 || Center criteria:   0.024977	 || Radius criteria:   0.243848
.... Loop: 2	 ||| ratio:   0.595624	 || Center criteria:   0.022567	 || Radius criteria:   0.194032
.... Loop: 3	 ||| ratio:   0.489658	 || Center criteria:   0.022032	 || Radius criteria:   0.151738
.... Loop: 4	 ||| ratio:   0.356377	 || Center criteria:   0.020039	 || Radius criteria:   0.116200
.... Loop: 5	 ||| ratio:   0.149693	 || Center criteria:   0.017007	 || Radius criteria:   0.087819
.... Loop: 6	 ||| ratio:   0.044589	 || Center criteria:   0.013602	 || Radius criteria:   0.065455
..Measurements for this iteration:
... Volume of VOI (mm3):          22130.2423
... Length of VOI (mm) :          422.8
... Average area  (mm2):          52.3421



..Iteration:    3 || Horizontal coefficient:    3 || Vertical coefficient:      3
.... Loop: 1	 ||| ratio:   0.328200	 || Center criteria:   0.045222	 || Radius criteria:   0.200098
.... Loop: 2	 ||| ratio:   0.214141	 || Center criteria:   0.038183	 || Radius criteria:   0.149770
.... Loop: 3	 ||| ratio:   0.121703	 || Center criteria:   0.030990	 || Radius criteria:   0.110754
.... Loop: 4	 ||| ratio:   0.056205	 || Center criteria:   0.024414	 || Radius criteria:   0.081308
.... Loop: 5	 ||| ratio:   0.019335	 || Center criteria:   0.018805	 || Radius criteria:   0.059490
..Measurements for this iteration:
... Volume of VOI (mm3):          22108.7591
... Length of VOI (mm) :          422.7873
... Average area  (mm2):          52.2929



..Iteration:    4 || Horizontal coefficient:    4 || Vertical coefficient:      4
.... Loop: 1	 ||| ratio:   0.051184	 || Center criteria:   0.021689	 || Radius criteria:   0.123232
.... Loop: 2	 ||| ratio:   0.024093	 || Center criteria:   0.015054	 || Radius criteria:   0.087305
..Measurements for this iteration:
... Volume of VOI (mm3):          22108.4725
... Length of VOI (mm) :          422.7862
... Average area  (mm2):          52.2923



..Iteration:    5 || Horizontal coefficient:    5 || Vertical coefficient:      5
.... Loop: 1	 ||| ratio:   0.023644	 || Center criteria:   0.012464	 || Radius criteria:   0.096098
..Measurements for this iteration:
... Volume of VOI (mm3):          22108.1452
... Length of VOI (mm) :          422.7845
... Average area  (mm2):          52.2918





Segmentation finished in 73.519 seconds.


Output file contaning all the matrices saved.


Centerline saved in NIfTI.

Segmented surfaces saved in NIfTI.
