


==========================================================================================================
   Running: spinal cord segmentation adapted from Horsfield et al 2010
   GBM4900
==========================================================================================================
.. Started: 14-Jan-2014 10:31:36






File parameters:
.. Input Directory/File name:	/home/django/benjamindeleener/data/segmentation_spinalCord/errsm_18/T2/Horsfield_long/anat_data
.. Output Directory/File name:	/home/django/benjamindeleener/data/segmentation_spinalCord/errsm_18/T2/Horsfield_long/scs_results/anat_data


Image parameters:
.. Working plane:	Axial
.. Image Type :		T2
.. File Type :		_reorient.nii
.. Initial orientation: AIL
.. Final reorientation: PSL
.. Dimensions (x,y,z):	386   51  678    1
.. Scales (x,y,z,t):	1           1           1         1.5
.. Start image:		172
.. End image:		589
.. Resampling:		1


Algorithm parameters:
.. Number of angles:			64
.. Update multiplier:			1.3
.. Nominal radius:			5
.. Maximal horizontal coefficient:	5
.. Maximal vertical coefficient:	5
.. Tolerance:				0.05



Processing...
..Iteration:    1 || Horizontal coefficient:    1 || Vertical coefficient:      1
.... Loop: 1	 ||| ratio:   1.000000	 || Center criteria:   0.227390	 || Radius criteria:   0.570586
.... Loop: 2	 ||| ratio:   0.960432	 || Center criteria:   0.154022	 || Radius criteria:   0.517527
.... Loop: 3	 ||| ratio:   0.791929	 || Center criteria:   0.161693	 || Radius criteria:   0.359013
.... Loop: 4	 ||| ratio:   0.678132	 || Center criteria:   0.069648	 || Radius criteria:   0.179491
.... Loop: 5	 ||| ratio:   0.455148	 || Center criteria:   0.046075	 || Radius criteria:   0.084977
.... Loop: 6	 ||| ratio:   0.000000	 || Center criteria:   0.038223	 || Radius criteria:   0.043408
..Measurements for this iteration:
... Volume of VOI (mm3):          21266.7759
... Length of VOI (mm) :          423.0755
... Average area  (mm2):          50.2671



..Iteration:    2 || Horizontal coefficient:    2 || Vertical coefficient:      2
.... Loop: 1	 ||| ratio:   0.860874	 || Center criteria:   0.104634	 || Radius criteria:   0.879711
.... Loop: 2	 ||| ratio:   0.706235	 || Center criteria:   0.074516	 || Radius criteria:   0.360116
.... Loop: 3	 ||| ratio:   0.281213	 || Center criteria:   0.042011	 || Radius criteria:   0.166060
.... Loop: 4	 ||| ratio:   0.077451	 || Center criteria:   0.022750	 || Radius criteria:   0.091842
.... Loop: 5	 ||| ratio:   0.000000	 || Center criteria:   0.014464	 || Radius criteria:   0.049151
..Measurements for this iteration:
... Volume of VOI (mm3):          22198.6031
... Length of VOI (mm) :          423.1003
... Average area  (mm2):          52.4665



..Iteration:    3 || Horizontal coefficient:    3 || Vertical coefficient:      3
.... Loop: 1	 ||| ratio:   0.427458	 || Center criteria:   0.051645	 || Radius criteria:   0.357140
.... Loop: 2	 ||| ratio:   0.068982	 || Center criteria:   0.026570	 || Radius criteria:   0.154798
.... Loop: 3	 ||| ratio:   0.021583	 || Center criteria:   0.016538	 || Radius criteria:   0.101270
..Measurements for this iteration:
... Volume of VOI (mm3):          22290.6713
... Length of VOI (mm) :          423.1038
... Average area  (mm2):          52.6837



..Iteration:    4 || Horizontal coefficient:    4 || Vertical coefficient:      4
.... Loop: 1	 ||| ratio:   0.483513	 || Center criteria:   0.042826	 || Radius criteria:   0.319928
.... Loop: 2	 ||| ratio:   0.110761	 || Center criteria:   0.027546	 || Radius criteria:   0.240544
.... Loop: 3	 ||| ratio:   0.054781	 || Center criteria:   0.018959	 || Radius criteria:   0.216484
.... Loop: 4	 ||| ratio:   0.055231	 || Center criteria:   0.015385	 || Radius criteria:   0.201542
.... Loop: 5	 ||| ratio:   0.054706	 || Center criteria:   0.011766	 || Radius criteria:   0.192372
.... Loop: 6	 ||| ratio:   0.053957	 || Center criteria:   0.011475	 || Radius criteria:   0.185928
.... Loop: 7	 ||| ratio:   0.053095	 || Center criteria:   0.008870	 || Radius criteria:   0.180546
.... Loop: 8	 ||| ratio:   0.052383	 || Center criteria:   0.009325	 || Radius criteria:   0.175680
.... Loop: 9	 ||| ratio:   0.051634	 || Center criteria:   0.007144	 || Radius criteria:   0.171163
.... Loop: 10	 ||| ratio:   0.050547	 || Center criteria:   0.007813	 || Radius criteria:   0.166630
.... Loop: 11	 ||| ratio:   0.049760	 || Center criteria:   0.005993	 || Radius criteria:   0.162427
..Measurements for this iteration:
... Volume of VOI (mm3):          22349.7553
... Length of VOI (mm) :          423.0966
... Average area  (mm2):          52.8242



..Iteration:    5 || Horizontal coefficient:    5 || Vertical coefficient:      5
.... Loop: 1	 ||| ratio:   0.224071	 || Center criteria:   0.021223	 || Radius criteria:   0.175396
.... Loop: 2	 ||| ratio:   0.044177	 || Center criteria:   0.023662	 || Radius criteria:   0.136356
..Measurements for this iteration:
... Volume of VOI (mm3):          22376.7325
... Length of VOI (mm) :          423.0892
... Average area  (mm2):          52.8889





Segmentation finished in 74.8043 seconds.


Output file contaning all the matrices saved.


Centerline saved in NIfTI.

Segmented surfaces saved in NIfTI.
